{"/Users/nals_macbook_150/Documents/NALS-Source/front-end-unitest/src/counter.ts": {"path":"/Users/nals_macbook_150/Documents/NALS-Source/front-end-unitest/src/counter.ts","all":false,"statementMap":{"0":{"start":{"line":1,"column":0},"end":{"line":1,"column":58}},"1":{"start":{"line":2,"column":0},"end":{"line":2,"column":17}},"2":{"start":{"line":3,"column":0},"end":{"line":3,"column":41}},"3":{"start":{"line":4,"column":0},"end":{"line":4,"column":19}},"4":{"start":{"line":5,"column":0},"end":{"line":5,"column":45}},"5":{"start":{"line":6,"column":0},"end":{"line":6,"column":3}},"6":{"start":{"line":7,"column":0},"end":{"line":7,"column":66}},"7":{"start":{"line":8,"column":0},"end":{"line":8,"column":15}},"8":{"start":{"line":9,"column":0},"end":{"line":9,"column":1}}},"s":{"0":1,"1":3,"2":3,"3":15,"4":15,"5":15,"6":3,"7":3,"8":3},"branchMap":{"0":{"type":"branch","line":1,"loc":{"start":{"line":1,"column":7},"end":{"line":9,"column":1}},"locations":[{"start":{"line":1,"column":7},"end":{"line":9,"column":1}}]},"1":{"type":"branch","line":3,"loc":{"start":{"line":3,"column":21},"end":{"line":6,"column":3}},"locations":[{"start":{"line":3,"column":21},"end":{"line":6,"column":3}}]},"2":{"type":"branch","line":7,"loc":{"start":{"line":7,"column":36},"end":{"line":7,"column":65}},"locations":[{"start":{"line":7,"column":36},"end":{"line":7,"column":65}}]}},"b":{"0":[3],"1":[15],"2":[12]},"fnMap":{"0":{"name":"setupCounter","decl":{"start":{"line":1,"column":7},"end":{"line":9,"column":1}},"loc":{"start":{"line":1,"column":7},"end":{"line":9,"column":1}},"line":1},"1":{"name":"setCounter","decl":{"start":{"line":3,"column":21},"end":{"line":6,"column":3}},"loc":{"start":{"line":3,"column":21},"end":{"line":6,"column":3}},"line":3}},"f":{"0":3,"1":15}}
,"/Users/nals_macbook_150/Documents/NALS-Source/front-end-unitest/src/main.ts": {"path":"/Users/nals_macbook_150/Documents/NALS-Source/front-end-unitest/src/main.ts","all":false,"statementMap":{"0":{"start":{"line":1,"column":0},"end":{"line":1,"column":20}},"1":{"start":{"line":2,"column":0},"end":{"line":2,"column":45}},"2":{"start":{"line":3,"column":0},"end":{"line":3,"column":32}},"3":{"start":{"line":4,"column":0},"end":{"line":4,"column":43}},"5":{"start":{"line":6,"column":0},"end":{"line":6,"column":61}},"8":{"start":{"line":9,"column":0},"end":{"line":9,"column":60}},"11":{"start":{"line":12,"column":0},"end":{"line":12,"column":80}},"23":{"start":{"line":24,"column":0},"end":{"line":24,"column":68}}},"s":{"0":1,"1":1,"2":1,"3":1,"5":1,"8":1,"11":1,"23":1},"branchMap":{},"b":{},"fnMap":{},"f":{}}
,"/Users/nals_macbook_150/Documents/NALS-Source/front-end-unitest/src/models/order.model.ts": {"path":"/Users/nals_macbook_150/Documents/NALS-Source/front-end-unitest/src/models/order.model.ts","all":true,"statementMap":{},"s":{},"branchMap":{"0":{"type":"branch","line":1,"loc":{"start":{"line":1,"column":291},"end":{"line":16,"column":1}},"locations":[{"start":{"line":1,"column":291},"end":{"line":16,"column":1}}]}},"b":{"0":[1]},"fnMap":{"0":{"name":"(empty-report)","decl":{"start":{"line":1,"column":291},"end":{"line":16,"column":1}},"loc":{"start":{"line":1,"column":291},"end":{"line":16,"column":1}},"line":1}},"f":{"0":1}}
,"/Users/nals_macbook_150/Documents/NALS-Source/front-end-unitest/src/models/payment.model.ts": {"path":"/Users/nals_macbook_150/Documents/NALS-Source/front-end-unitest/src/models/payment.model.ts","all":false,"statementMap":{"0":{"start":{"line":1,"column":0},"end":{"line":1,"column":27}},"1":{"start":{"line":2,"column":0},"end":{"line":2,"column":20}},"2":{"start":{"line":3,"column":0},"end":{"line":3,"column":20}},"3":{"start":{"line":4,"column":0},"end":{"line":4,"column":18}}},"s":{"0":1,"1":1,"2":1,"3":1},"branchMap":{"0":{"type":"branch","line":1,"loc":{"start":{"line":1,"column":7},"end":{"line":1,"column":27}},"locations":[{"start":{"line":1,"column":7},"end":{"line":1,"column":27}}]}},"b":{"0":[1]},"fnMap":{},"f":{}}
,"/Users/nals_macbook_150/Documents/NALS-Source/front-end-unitest/src/services/order.service.ts": {"path":"/Users/nals_macbook_150/Documents/NALS-Source/front-end-unitest/src/services/order.service.ts","all":false,"statementMap":{"4":{"start":{"line":5,"column":0},"end":{"line":5,"column":27}},"5":{"start":{"line":6,"column":0},"end":{"line":6,"column":65}},"7":{"start":{"line":8,"column":0},"end":{"line":8,"column":40}},"8":{"start":{"line":9,"column":0},"end":{"line":9,"column":31}},"9":{"start":{"line":10,"column":0},"end":{"line":10,"column":50}},"10":{"start":{"line":11,"column":0},"end":{"line":11,"column":5}},"12":{"start":{"line":13,"column":0},"end":{"line":13,"column":74}},"13":{"start":{"line":14,"column":0},"end":{"line":14,"column":49}},"14":{"start":{"line":15,"column":0},"end":{"line":15,"column":5}},"16":{"start":{"line":17,"column":0},"end":{"line":17,"column":92}},"24":{"start":{"line":25,"column":0},"end":{"line":25,"column":25}},"25":{"start":{"line":26,"column":0},"end":{"line":26,"column":107}},"26":{"start":{"line":27,"column":0},"end":{"line":27,"column":43}},"28":{"start":{"line":29,"column":0},"end":{"line":29,"column":20}},"29":{"start":{"line":30,"column":0},"end":{"line":30,"column":42}},"30":{"start":{"line":31,"column":0},"end":{"line":31,"column":7}},"32":{"start":{"line":33,"column":0},"end":{"line":33,"column":36}},"34":{"start":{"line":35,"column":0},"end":{"line":35,"column":27}},"35":{"start":{"line":36,"column":0},"end":{"line":36,"column":23}},"36":{"start":{"line":37,"column":0},"end":{"line":37,"column":7}},"37":{"start":{"line":38,"column":0},"end":{"line":38,"column":5}},"39":{"start":{"line":40,"column":0},"end":{"line":40,"column":26}},"40":{"start":{"line":41,"column":0},"end":{"line":41,"column":15}},"41":{"start":{"line":42,"column":0},"end":{"line":42,"column":17}},"42":{"start":{"line":43,"column":0},"end":{"line":43,"column":72}},"43":{"start":{"line":44,"column":0},"end":{"line":44,"column":5}},"45":{"start":{"line":46,"column":0},"end":{"line":46,"column":92}},"46":{"start":{"line":47,"column":0},"end":{"line":47,"column":21}},"47":{"start":{"line":48,"column":0},"end":{"line":48,"column":41}},"48":{"start":{"line":49,"column":0},"end":{"line":49,"column":53}},"49":{"start":{"line":50,"column":0},"end":{"line":50,"column":7}},"51":{"start":{"line":52,"column":0},"end":{"line":52,"column":52}},"53":{"start":{"line":54,"column":0},"end":{"line":54,"column":49}},"54":{"start":{"line":55,"column":0},"end":{"line":55,"column":3}},"55":{"start":{"line":56,"column":0},"end":{"line":56,"column":1}}},"s":{"4":1,"5":1,"7":1,"8":9,"9":1,"10":1,"12":9,"13":1,"14":1,"16":7,"24":9,"25":4,"26":4,"28":4,"29":1,"30":1,"32":3,"34":4,"35":1,"36":1,"37":4,"39":6,"40":6,"41":6,"42":6,"43":6,"45":6,"46":6,"47":6,"48":6,"49":6,"51":6,"53":6,"54":9,"55":1},"branchMap":{"0":{"type":"branch","line":6,"loc":{"start":{"line":6,"column":2},"end":{"line":6,"column":65}},"locations":[{"start":{"line":6,"column":2},"end":{"line":6,"column":65}}]},"1":{"type":"branch","line":8,"loc":{"start":{"line":8,"column":2},"end":{"line":55,"column":3}},"locations":[{"start":{"line":8,"column":2},"end":{"line":55,"column":3}}]},"2":{"type":"branch","line":9,"loc":{"start":{"line":9,"column":15},"end":{"line":9,"column":30}},"locations":[{"start":{"line":9,"column":15},"end":{"line":9,"column":30}}]},"3":{"type":"branch","line":9,"loc":{"start":{"line":9,"column":30},"end":{"line":11,"column":5}},"locations":[{"start":{"line":9,"column":30},"end":{"line":11,"column":5}}]},"4":{"type":"branch","line":11,"loc":{"start":{"line":11,"column":4},"end":{"line":13,"column":73}},"locations":[{"start":{"line":11,"column":4},"end":{"line":13,"column":73}}]},"5":{"type":"branch","line":13,"loc":{"start":{"line":13,"column":73},"end":{"line":15,"column":5}},"locations":[{"start":{"line":13,"column":73},"end":{"line":15,"column":5}}]},"6":{"type":"branch","line":15,"loc":{"start":{"line":15,"column":4},"end":{"line":25,"column":24}},"locations":[{"start":{"line":15,"column":4},"end":{"line":25,"column":24}}]},"7":{"type":"branch","line":25,"loc":{"start":{"line":25,"column":24},"end":{"line":38,"column":5}},"locations":[{"start":{"line":25,"column":24},"end":{"line":38,"column":5}}]},"8":{"type":"branch","line":29,"loc":{"start":{"line":29,"column":19},"end":{"line":31,"column":7}},"locations":[{"start":{"line":29,"column":19},"end":{"line":31,"column":7}}]},"9":{"type":"branch","line":31,"loc":{"start":{"line":31,"column":6},"end":{"line":35,"column":26}},"locations":[{"start":{"line":31,"column":6},"end":{"line":35,"column":26}}]},"10":{"type":"branch","line":35,"loc":{"start":{"line":35,"column":26},"end":{"line":37,"column":7}},"locations":[{"start":{"line":35,"column":26},"end":{"line":37,"column":7}}]},"11":{"type":"branch","line":38,"loc":{"start":{"line":38,"column":4},"end":{"line":54,"column":49}},"locations":[{"start":{"line":38,"column":4},"end":{"line":54,"column":49}}]},"12":{"type":"branch","line":13,"loc":{"start":{"line":13,"column":25},"end":{"line":13,"column":70}},"locations":[{"start":{"line":13,"column":25},"end":{"line":13,"column":70}}]},"13":{"type":"branch","line":13,"loc":{"start":{"line":13,"column":47},"end":{"line":13,"column":70}},"locations":[{"start":{"line":13,"column":47},"end":{"line":13,"column":70}}]},"14":{"type":"branch","line":17,"loc":{"start":{"line":17,"column":40},"end":{"line":17,"column":89}},"locations":[{"start":{"line":17,"column":40},"end":{"line":17,"column":89}}]}},"b":{"0":[9],"1":[9],"2":[8],"3":[1],"4":[8],"5":[1],"6":[7],"7":[4],"8":[1],"9":[3],"10":[1],"11":[6],"12":[9],"13":[8],"14":[8]},"fnMap":{"0":{"name":"OrderService","decl":{"start":{"line":6,"column":2},"end":{"line":6,"column":65}},"loc":{"start":{"line":6,"column":2},"end":{"line":6,"column":65}},"line":6},"1":{"name":"process","decl":{"start":{"line":8,"column":2},"end":{"line":55,"column":3}},"loc":{"start":{"line":8,"column":2},"end":{"line":55,"column":3}},"line":8}},"f":{"0":9,"1":9}}
,"/Users/nals_macbook_150/Documents/NALS-Source/front-end-unitest/src/services/payment.service.ts": {"path":"/Users/nals_macbook_150/Documents/NALS-Source/front-end-unitest/src/services/payment.service.ts","all":false,"statementMap":{"0":{"start":{"line":1,"column":0},"end":{"line":1,"column":56}},"3":{"start":{"line":4,"column":0},"end":{"line":4,"column":29}},"4":{"start":{"line":5,"column":0},"end":{"line":5,"column":39}},"5":{"start":{"line":6,"column":0},"end":{"line":6,"column":25}},"6":{"start":{"line":7,"column":0},"end":{"line":7,"column":25}},"7":{"start":{"line":8,"column":0},"end":{"line":8,"column":24}},"8":{"start":{"line":9,"column":0},"end":{"line":9,"column":4}},"10":{"start":{"line":11,"column":0},"end":{"line":11,"column":42}},"11":{"start":{"line":12,"column":0},"end":{"line":12,"column":68}},"12":{"start":{"line":13,"column":0},"end":{"line":13,"column":44}},"14":{"start":{"line":15,"column":0},"end":{"line":15,"column":36}},"15":{"start":{"line":16,"column":0},"end":{"line":16,"column":7}},"17":{"start":{"line":18,"column":0},"end":{"line":18,"column":43}},"19":{"start":{"line":20,"column":0},"end":{"line":20,"column":36}},"20":{"start":{"line":21,"column":0},"end":{"line":21,"column":7}},"22":{"start":{"line":23,"column":0},"end":{"line":23,"column":22}},"23":{"start":{"line":24,"column":0},"end":{"line":24,"column":7}},"25":{"start":{"line":26,"column":0},"end":{"line":26,"column":37}},"26":{"start":{"line":27,"column":0},"end":{"line":27,"column":3}},"28":{"start":{"line":29,"column":0},"end":{"line":29,"column":34}},"29":{"start":{"line":30,"column":0},"end":{"line":30,"column":81}},"30":{"start":{"line":31,"column":0},"end":{"line":31,"column":3}},"31":{"start":{"line":32,"column":0},"end":{"line":32,"column":1}}},"s":{"0":1,"3":1,"4":1,"5":1,"6":1,"7":1,"8":1,"10":1,"11":4,"12":12,"14":4,"15":4,"17":12,"19":4,"20":4,"22":4,"23":4,"25":4,"26":4,"28":1,"29":1,"30":1,"31":1},"branchMap":{"0":{"type":"branch","line":4,"loc":{"start":{"line":4,"column":7},"end":{"line":32,"column":1}},"locations":[{"start":{"line":4,"column":7},"end":{"line":32,"column":1}}]},"1":{"type":"branch","line":11,"loc":{"start":{"line":11,"column":2},"end":{"line":27,"column":3}},"locations":[{"start":{"line":11,"column":2},"end":{"line":27,"column":3}}]},"2":{"type":"branch","line":12,"loc":{"start":{"line":12,"column":57},"end":{"line":24,"column":5}},"locations":[{"start":{"line":12,"column":57},"end":{"line":24,"column":5}}]},"3":{"type":"branch","line":13,"loc":{"start":{"line":13,"column":43},"end":{"line":16,"column":7}},"locations":[{"start":{"line":13,"column":43},"end":{"line":16,"column":7}}]},"4":{"type":"branch","line":16,"loc":{"start":{"line":16,"column":6},"end":{"line":18,"column":42}},"locations":[{"start":{"line":16,"column":6},"end":{"line":18,"column":42}}]},"5":{"type":"branch","line":18,"loc":{"start":{"line":18,"column":42},"end":{"line":23,"column":22}},"locations":[{"start":{"line":18,"column":42},"end":{"line":23,"column":22}}]},"6":{"type":"branch","line":29,"loc":{"start":{"line":29,"column":2},"end":{"line":31,"column":3}},"locations":[{"start":{"line":29,"column":2},"end":{"line":31,"column":3}}]}},"b":{"0":[1],"1":[4],"2":[12],"3":[4],"4":[8],"5":[4],"6":[1]},"fnMap":{"0":{"name":"<instance_members_initializer>","decl":{"start":{"line":4,"column":7},"end":{"line":32,"column":1}},"loc":{"start":{"line":4,"column":7},"end":{"line":32,"column":1}},"line":4},"1":{"name":"buildPaymentMethod","decl":{"start":{"line":11,"column":2},"end":{"line":27,"column":3}},"loc":{"start":{"line":11,"column":2},"end":{"line":27,"column":3}},"line":11},"2":{"name":"payViaLink","decl":{"start":{"line":29,"column":2},"end":{"line":31,"column":3}},"loc":{"start":{"line":29,"column":2},"end":{"line":31,"column":3}},"line":29}},"f":{"0":1,"1":4,"2":1}}
}
